<?xml version="1.0" encoding="UTF-8"?>
<testsuite xmlns:xsi="http://www.w3.org/2001/XMLSchema-instance" xsi:noNamespaceSchemaLocation="https://maven.apache.org/surefire/maven-surefire-plugin/xsd/surefire-test-report-3.0.xsd" version="3.0" name="TestSuite" time="70.913" tests="3" errors="0" skipped="0" failures="1">
  <properties>
    <property name="gopherProxySet" value="false"/>
    <property name="awt.toolkit" value="sun.lwawt.macosx.LWCToolkit"/>
    <property name="file.encoding.pkg" value="sun.io"/>
    <property name="java.specification.version" value="1.8"/>
    <property name="sun.cpu.isalist" value=""/>
    <property name="sun.jnu.encoding" value="UTF-8"/>
    <property name="java.class.path" value="/Users/sitauto/Pictures/COMPATIBILITYFRAMEWORKLATEST/CompatibilityJava/target/test-classes:/Users/sitauto/Pictures/COMPATIBILITYFRAMEWORKLATEST/CompatibilityJava/target/classes:/Users/sitauto/.m2/repository/org/testng/testng/6.14.3/testng-6.14.3.jar:/Users/sitauto/.m2/repository/com/beust/jcommander/1.72/jcommander-1.72.jar:/Users/sitauto/.m2/repository/org/apache-extras/beanshell/bsh/2.0b6/bsh-2.0b6.jar:/Users/sitauto/.m2/repository/org/apache/commons/commons-lang3/3.9/commons-lang3-3.9.jar:/Users/sitauto/.m2/repository/commons-io/commons-io/2.6/commons-io-2.6.jar:/Users/sitauto/.m2/repository/io/appium/java-client/7.0.0/java-client-7.0.0.jar:/Users/sitauto/.m2/repository/org/seleniumhq/selenium/selenium-support/3.141.59/selenium-support-3.141.59.jar:/Users/sitauto/.m2/repository/org/seleniumhq/selenium/selenium-api/3.141.59/selenium-api-3.141.59.jar:/Users/sitauto/.m2/repository/com/google/code/gson/gson/2.8.5/gson-2.8.5.jar:/Users/sitauto/.m2/repository/org/apache/httpcomponents/httpclient/4.5.6/httpclient-4.5.6.jar:/Users/sitauto/.m2/repository/org/apache/httpcomponents/httpcore/4.4.10/httpcore-4.4.10.jar:/Users/sitauto/.m2/repository/commons-codec/commons-codec/1.10/commons-codec-1.10.jar:/Users/sitauto/.m2/repository/cglib/cglib/3.2.8/cglib-3.2.8.jar:/Users/sitauto/.m2/repository/org/ow2/asm/asm/6.2.1/asm-6.2.1.jar:/Users/sitauto/.m2/repository/org/apache/ant/ant/1.10.3/ant-1.10.3.jar:/Users/sitauto/.m2/repository/org/apache/ant/ant-launcher/1.10.3/ant-launcher-1.10.3.jar:/Users/sitauto/.m2/repository/org/springframework/spring-context/5.1.0.RELEASE/spring-context-5.1.0.RELEASE.jar:/Users/sitauto/.m2/repository/org/springframework/spring-aop/5.1.0.RELEASE/spring-aop-5.1.0.RELEASE.jar:/Users/sitauto/.m2/repository/org/springframework/spring-beans/5.1.0.RELEASE/spring-beans-5.1.0.RELEASE.jar:/Users/sitauto/.m2/repository/org/springframework/spring-core/5.1.0.RELEASE/spring-core-5.1.0.RELEASE.jar:/Users/sitauto/.m2/repository/org/springframework/spring-jcl/5.1.0.RELEASE/spring-jcl-5.1.0.RELEASE.jar:/Users/sitauto/.m2/repository/org/springframework/spring-expression/5.1.0.RELEASE/spring-expression-5.1.0.RELEASE.jar:/Users/sitauto/.m2/repository/org/aspectj/aspectjweaver/1.9.1/aspectjweaver-1.9.1.jar:/Users/sitauto/.m2/repository/com/aventstack/extentreports/4.0.0/extentreports-4.0.0.jar:/Users/sitauto/.m2/repository/org/freemarker/freemarker/2.3.23/freemarker-2.3.23.jar:/Users/sitauto/.m2/repository/org/mongodb/mongodb-driver/3.3.0/mongodb-driver-3.3.0.jar:/Users/sitauto/.m2/repository/org/mongodb/mongodb-driver-core/3.3.0/mongodb-driver-core-3.3.0.jar:/Users/sitauto/.m2/repository/org/mongodb/bson/3.3.0/bson-3.3.0.jar:/Users/sitauto/.m2/repository/org/apache/httpcomponents/httpmime/4.5.2/httpmime-4.5.2.jar:/Users/sitauto/.m2/repository/commons-validator/commons-validator/1.6/commons-validator-1.6.jar:/Users/sitauto/.m2/repository/commons-beanutils/commons-beanutils/1.9.2/commons-beanutils-1.9.2.jar:/Users/sitauto/.m2/repository/commons-digester/commons-digester/1.8.1/commons-digester-1.8.1.jar:/Users/sitauto/.m2/repository/commons-logging/commons-logging/1.2/commons-logging-1.2.jar:/Users/sitauto/.m2/repository/commons-collections/commons-collections/3.2.2/commons-collections-3.2.2.jar:/Users/sitauto/.m2/repository/org/slf4j/slf4j-simple/1.7.26/slf4j-simple-1.7.26.jar:/Users/sitauto/.m2/repository/org/slf4j/slf4j-api/1.7.26/slf4j-api-1.7.26.jar:/Users/sitauto/.m2/repository/org/seleniumhq/selenium/selenium-java/3.141.59/selenium-java-3.141.59.jar:/Users/sitauto/.m2/repository/org/seleniumhq/selenium/selenium-chrome-driver/3.141.59/selenium-chrome-driver-3.141.59.jar:/Users/sitauto/.m2/repository/org/seleniumhq/selenium/selenium-edge-driver/3.141.59/selenium-edge-driver-3.141.59.jar:/Users/sitauto/.m2/repository/org/seleniumhq/selenium/selenium-firefox-driver/3.141.59/selenium-firefox-driver-3.141.59.jar:/Users/sitauto/.m2/repository/org/seleniumhq/selenium/selenium-ie-driver/3.141.59/selenium-ie-driver-3.141.59.jar:/Users/sitauto/.m2/repository/org/seleniumhq/selenium/selenium-opera-driver/3.141.59/selenium-opera-driver-3.141.59.jar:/Users/sitauto/.m2/repository/org/seleniumhq/selenium/selenium-remote-driver/3.141.59/selenium-remote-driver-3.141.59.jar:/Users/sitauto/.m2/repository/org/seleniumhq/selenium/selenium-safari-driver/3.141.59/selenium-safari-driver-3.141.59.jar:/Users/sitauto/.m2/repository/net/bytebuddy/byte-buddy/1.8.15/byte-buddy-1.8.15.jar:/Users/sitauto/.m2/repository/org/apache/commons/commons-exec/1.3/commons-exec-1.3.jar:/Users/sitauto/.m2/repository/com/google/guava/guava/25.0-jre/guava-25.0-jre.jar:/Users/sitauto/.m2/repository/com/google/code/findbugs/jsr305/1.3.9/jsr305-1.3.9.jar:/Users/sitauto/.m2/repository/org/checkerframework/checker-compat-qual/2.0.0/checker-compat-qual-2.0.0.jar:/Users/sitauto/.m2/repository/com/google/errorprone/error_prone_annotations/2.1.3/error_prone_annotations-2.1.3.jar:/Users/sitauto/.m2/repository/com/google/j2objc/j2objc-annotations/1.1/j2objc-annotations-1.1.jar:/Users/sitauto/.m2/repository/org/codehaus/mojo/animal-sniffer-annotations/1.14/animal-sniffer-annotations-1.14.jar:/Users/sitauto/.m2/repository/com/squareup/okhttp3/okhttp/3.11.0/okhttp-3.11.0.jar:/Users/sitauto/.m2/repository/com/squareup/okio/okio/1.14.0/okio-1.14.0.jar:"/>
    <property name="java.vm.vendor" value="Oracle Corporation"/>
    <property name="sun.arch.data.model" value="64"/>
    <property name="java.vendor.url" value="http://java.oracle.com/"/>
    <property name="user.timezone" value=""/>
    <property name="java.vm.specification.version" value="1.8"/>
    <property name="os.name" value="Mac OS X"/>
    <property name="user.country" value="AU"/>
    <property name="sun.java.launcher" value="SUN_STANDARD"/>
    <property name="sun.boot.library.path" value="/Library/Java/JavaVirtualMachines/jdk1.8.0_201.jdk/Contents/Home/jre/lib"/>
    <property name="sun.java.command" value="/Users/sitauto/Pictures/COMPATIBILITYFRAMEWORKLATEST/CompatibilityJava/target/surefire/surefirebooter4153288769343784846.jar /Users/sitauto/Pictures/COMPATIBILITYFRAMEWORKLATEST/CompatibilityJava/target/surefire 2021-06-17T11-19-36_066-jvmRun1 surefire4544645640266065882tmp surefire_04769925606810251893tmp"/>
    <property name="http.nonProxyHosts" value="local|*.local|169.254/16|*.169.254/16"/>
    <property name="surefire.test.class.path" value="/Users/sitauto/Pictures/COMPATIBILITYFRAMEWORKLATEST/CompatibilityJava/target/test-classes:/Users/sitauto/Pictures/COMPATIBILITYFRAMEWORKLATEST/CompatibilityJava/target/classes:/Users/sitauto/.m2/repository/org/testng/testng/6.14.3/testng-6.14.3.jar:/Users/sitauto/.m2/repository/com/beust/jcommander/1.72/jcommander-1.72.jar:/Users/sitauto/.m2/repository/org/apache-extras/beanshell/bsh/2.0b6/bsh-2.0b6.jar:/Users/sitauto/.m2/repository/org/apache/commons/commons-lang3/3.9/commons-lang3-3.9.jar:/Users/sitauto/.m2/repository/commons-io/commons-io/2.6/commons-io-2.6.jar:/Users/sitauto/.m2/repository/io/appium/java-client/7.0.0/java-client-7.0.0.jar:/Users/sitauto/.m2/repository/org/seleniumhq/selenium/selenium-support/3.141.59/selenium-support-3.141.59.jar:/Users/sitauto/.m2/repository/org/seleniumhq/selenium/selenium-api/3.141.59/selenium-api-3.141.59.jar:/Users/sitauto/.m2/repository/com/google/code/gson/gson/2.8.5/gson-2.8.5.jar:/Users/sitauto/.m2/repository/org/apache/httpcomponents/httpclient/4.5.6/httpclient-4.5.6.jar:/Users/sitauto/.m2/repository/org/apache/httpcomponents/httpcore/4.4.10/httpcore-4.4.10.jar:/Users/sitauto/.m2/repository/commons-codec/commons-codec/1.10/commons-codec-1.10.jar:/Users/sitauto/.m2/repository/cglib/cglib/3.2.8/cglib-3.2.8.jar:/Users/sitauto/.m2/repository/org/ow2/asm/asm/6.2.1/asm-6.2.1.jar:/Users/sitauto/.m2/repository/org/apache/ant/ant/1.10.3/ant-1.10.3.jar:/Users/sitauto/.m2/repository/org/apache/ant/ant-launcher/1.10.3/ant-launcher-1.10.3.jar:/Users/sitauto/.m2/repository/org/springframework/spring-context/5.1.0.RELEASE/spring-context-5.1.0.RELEASE.jar:/Users/sitauto/.m2/repository/org/springframework/spring-aop/5.1.0.RELEASE/spring-aop-5.1.0.RELEASE.jar:/Users/sitauto/.m2/repository/org/springframework/spring-beans/5.1.0.RELEASE/spring-beans-5.1.0.RELEASE.jar:/Users/sitauto/.m2/repository/org/springframework/spring-core/5.1.0.RELEASE/spring-core-5.1.0.RELEASE.jar:/Users/sitauto/.m2/repository/org/springframework/spring-jcl/5.1.0.RELEASE/spring-jcl-5.1.0.RELEASE.jar:/Users/sitauto/.m2/repository/org/springframework/spring-expression/5.1.0.RELEASE/spring-expression-5.1.0.RELEASE.jar:/Users/sitauto/.m2/repository/org/aspectj/aspectjweaver/1.9.1/aspectjweaver-1.9.1.jar:/Users/sitauto/.m2/repository/com/aventstack/extentreports/4.0.0/extentreports-4.0.0.jar:/Users/sitauto/.m2/repository/org/freemarker/freemarker/2.3.23/freemarker-2.3.23.jar:/Users/sitauto/.m2/repository/org/mongodb/mongodb-driver/3.3.0/mongodb-driver-3.3.0.jar:/Users/sitauto/.m2/repository/org/mongodb/mongodb-driver-core/3.3.0/mongodb-driver-core-3.3.0.jar:/Users/sitauto/.m2/repository/org/mongodb/bson/3.3.0/bson-3.3.0.jar:/Users/sitauto/.m2/repository/org/apache/httpcomponents/httpmime/4.5.2/httpmime-4.5.2.jar:/Users/sitauto/.m2/repository/commons-validator/commons-validator/1.6/commons-validator-1.6.jar:/Users/sitauto/.m2/repository/commons-beanutils/commons-beanutils/1.9.2/commons-beanutils-1.9.2.jar:/Users/sitauto/.m2/repository/commons-digester/commons-digester/1.8.1/commons-digester-1.8.1.jar:/Users/sitauto/.m2/repository/commons-logging/commons-logging/1.2/commons-logging-1.2.jar:/Users/sitauto/.m2/repository/commons-collections/commons-collections/3.2.2/commons-collections-3.2.2.jar:/Users/sitauto/.m2/repository/org/slf4j/slf4j-simple/1.7.26/slf4j-simple-1.7.26.jar:/Users/sitauto/.m2/repository/org/slf4j/slf4j-api/1.7.26/slf4j-api-1.7.26.jar:/Users/sitauto/.m2/repository/org/seleniumhq/selenium/selenium-java/3.141.59/selenium-java-3.141.59.jar:/Users/sitauto/.m2/repository/org/seleniumhq/selenium/selenium-chrome-driver/3.141.59/selenium-chrome-driver-3.141.59.jar:/Users/sitauto/.m2/repository/org/seleniumhq/selenium/selenium-edge-driver/3.141.59/selenium-edge-driver-3.141.59.jar:/Users/sitauto/.m2/repository/org/seleniumhq/selenium/selenium-firefox-driver/3.141.59/selenium-firefox-driver-3.141.59.jar:/Users/sitauto/.m2/repository/org/seleniumhq/selenium/selenium-ie-driver/3.141.59/selenium-ie-driver-3.141.59.jar:/Users/sitauto/.m2/repository/org/seleniumhq/selenium/selenium-opera-driver/3.141.59/selenium-opera-driver-3.141.59.jar:/Users/sitauto/.m2/repository/org/seleniumhq/selenium/selenium-remote-driver/3.141.59/selenium-remote-driver-3.141.59.jar:/Users/sitauto/.m2/repository/org/seleniumhq/selenium/selenium-safari-driver/3.141.59/selenium-safari-driver-3.141.59.jar:/Users/sitauto/.m2/repository/net/bytebuddy/byte-buddy/1.8.15/byte-buddy-1.8.15.jar:/Users/sitauto/.m2/repository/org/apache/commons/commons-exec/1.3/commons-exec-1.3.jar:/Users/sitauto/.m2/repository/com/google/guava/guava/25.0-jre/guava-25.0-jre.jar:/Users/sitauto/.m2/repository/com/google/code/findbugs/jsr305/1.3.9/jsr305-1.3.9.jar:/Users/sitauto/.m2/repository/org/checkerframework/checker-compat-qual/2.0.0/checker-compat-qual-2.0.0.jar:/Users/sitauto/.m2/repository/com/google/errorprone/error_prone_annotations/2.1.3/error_prone_annotations-2.1.3.jar:/Users/sitauto/.m2/repository/com/google/j2objc/j2objc-annotations/1.1/j2objc-annotations-1.1.jar:/Users/sitauto/.m2/repository/org/codehaus/mojo/animal-sniffer-annotations/1.14/animal-sniffer-annotations-1.14.jar:/Users/sitauto/.m2/repository/com/squareup/okhttp3/okhttp/3.11.0/okhttp-3.11.0.jar:/Users/sitauto/.m2/repository/com/squareup/okio/okio/1.14.0/okio-1.14.0.jar:"/>
    <property name="sun.cpu.endian" value="little"/>
    <property name="user.home" value="/Users/sitauto"/>
    <property name="user.language" value="en"/>
    <property name="java.specification.vendor" value="Oracle Corporation"/>
    <property name="java.home" value="/Library/Java/JavaVirtualMachines/jdk1.8.0_201.jdk/Contents/Home/jre"/>
    <property name="basedir" value="/Users/sitauto/Pictures/COMPATIBILITYFRAMEWORKLATEST/CompatibilityJava"/>
    <property name="file.separator" value="/"/>
    <property name="line.separator" value="&#10;"/>
    <property name="java.vm.specification.vendor" value="Oracle Corporation"/>
    <property name="java.specification.name" value="Java Platform API Specification"/>
    <property name="java.awt.graphicsenv" value="sun.awt.CGraphicsEnvironment"/>
    <property name="surefire.real.class.path" value="/Users/sitauto/Pictures/COMPATIBILITYFRAMEWORKLATEST/CompatibilityJava/target/surefire/surefirebooter4153288769343784846.jar"/>
    <property name="sun.boot.class.path" value="/Library/Java/JavaVirtualMachines/jdk1.8.0_201.jdk/Contents/Home/jre/lib/resources.jar:/Library/Java/JavaVirtualMachines/jdk1.8.0_201.jdk/Contents/Home/jre/lib/rt.jar:/Library/Java/JavaVirtualMachines/jdk1.8.0_201.jdk/Contents/Home/jre/lib/sunrsasign.jar:/Library/Java/JavaVirtualMachines/jdk1.8.0_201.jdk/Contents/Home/jre/lib/jsse.jar:/Library/Java/JavaVirtualMachines/jdk1.8.0_201.jdk/Contents/Home/jre/lib/jce.jar:/Library/Java/JavaVirtualMachines/jdk1.8.0_201.jdk/Contents/Home/jre/lib/charsets.jar:/Library/Java/JavaVirtualMachines/jdk1.8.0_201.jdk/Contents/Home/jre/lib/jfr.jar:/Library/Java/JavaVirtualMachines/jdk1.8.0_201.jdk/Contents/Home/jre/classes"/>
    <property name="sun.management.compiler" value="HotSpot 64-Bit Tiered Compilers"/>
    <property name="ftp.nonProxyHosts" value="local|*.local|169.254/16|*.169.254/16"/>
    <property name="java.runtime.version" value="1.8.0_201-b09"/>
    <property name="user.name" value="raviusa"/>
    <property name="path.separator" value=":"/>
    <property name="os.version" value="10.14.6"/>
    <property name="java.endorsed.dirs" value="/Library/Java/JavaVirtualMachines/jdk1.8.0_201.jdk/Contents/Home/jre/lib/endorsed"/>
    <property name="java.runtime.name" value="Java(TM) SE Runtime Environment"/>
    <property name="file.encoding" value="UTF-8"/>
    <property name="java.vm.name" value="Java HotSpot(TM) 64-Bit Server VM"/>
    <property name="localRepository" value="/Users/sitauto/.m2/repository"/>
    <property name="java.vendor.url.bug" value="http://bugreport.sun.com/bugreport/"/>
    <property name="java.io.tmpdir" value="/var/folders/kj/w6q_dsyj1yx6sph_5s__3djh0000gn/T/"/>
    <property name="java.version" value="1.8.0_201"/>
    <property name="user.dir" value="/Users/sitauto/Pictures/COMPATIBILITYFRAMEWORKLATEST/CompatibilityJava"/>
    <property name="os.arch" value="x86_64"/>
    <property name="java.vm.specification.name" value="Java Virtual Machine Specification"/>
    <property name="java.awt.printerjob" value="sun.lwawt.macosx.CPrinterJob"/>
    <property name="sun.os.patch.level" value="unknown"/>
    <property name="java.library.path" value="/Users/sitauto/Library/Java/Extensions:/Library/Java/Extensions:/Network/Library/Java/Extensions:/System/Library/Java/Extensions:/usr/lib/java:."/>
    <property name="java.vm.info" value="mixed mode"/>
    <property name="java.vendor" value="Oracle Corporation"/>
    <property name="java.vm.version" value="25.201-b09"/>
    <property name="java.ext.dirs" value="/Users/sitauto/Library/Java/Extensions:/Library/Java/JavaVirtualMachines/jdk1.8.0_201.jdk/Contents/Home/jre/lib/ext:/Library/Java/Extensions:/Network/Library/Java/Extensions:/System/Library/Java/Extensions:/usr/lib/java"/>
    <property name="sun.io.unicode.encoding" value="UnicodeBig"/>
    <property name="java.class.version" value="52.0"/>
    <property name="socksNonProxyHosts" value="local|*.local|169.254/16|*.169.254/16"/>
  </properties>
  <testcase name="testEnd" classname="au.com.mygovid.CompatibilityJava.RegistrationTest" time="0.001"/>
  <testcase name="testInit" classname="au.com.mygovid.CompatibilityJava.RegistrationTest" time="0"/>
  <testcase name="firstPageTest" classname="au.com.mygovid.CompatibilityJava.RegistrationTest" time="33.152">
    <failure message="org.openqa.selenium.WebDriverException: An unknown server-side error occurred while processing the command. Original error: Could not proxy command to the remote server. Original error: socket hang up&#10;Build info: version: &apos;3.141.59&apos;, revision: &apos;e82be7d358&apos;, time: &apos;2018-11-14T08:17:03&apos;&#10;System info: host: &apos;Mobile-SIT-Automation.local&apos;, ip: &apos;10.240.155.8&apos;, os.name: &apos;Mac OS X&apos;, os.arch: &apos;x86_64&apos;, os.version: &apos;10.14.6&apos;, java.version: &apos;1.8.0_201&apos;&#10;Driver info: io.appium.java_client.android.AndroidDriver&#10;Capabilities {app: /Users/sitauto/Pictures/COM..., appPackage: au.gov.ato.mygovid.droid.in..., databaseEnabled: false, desired: {app: /Users/sitauto/Pictures/COM..., deviceName: ANDROID, platformName: android}, deviceApiLevel: 29, deviceManufacturer: Google, deviceModel: Pixel 2, deviceName: FA7AW1A02820, deviceScreenDensity: 356, deviceScreenSize: 1080x1920, deviceUDID: FA7AW1A02820, javascriptEnabled: true, locationContextEnabled: false, networkConnectionEnabled: true, pixelRatio: 2.2250001, platform: LINUX, platformName: Android, platformVersion: 10, statBarHeight: 53, takesScreenshot: true, viewportRect: {height: 1760, left: 0, top: 53, width: 1080}, warnings: {}, webStorageEnabled: false}&#10;Session ID: a5805112-914d-4976-b8a9-627d3dd813bc&#10;*** Element info: {Using=id, value=au.gov.ato.mygovid.droid.integration:id/capturePasswordHeadingLabel}" type="org.openqa.selenium.WebDriverException">org.openqa.selenium.WebDriverException: 
org.openqa.selenium.WebDriverException: An unknown server-side error occurred while processing the command. Original error: Could not proxy command to the remote server. Original error: socket hang up
Build info: version: '3.141.59', revision: 'e82be7d358', time: '2018-11-14T08:17:03'
System info: host: 'Mobile-SIT-Automation.local', ip: '10.240.155.8', os.name: 'Mac OS X', os.arch: 'x86_64', os.version: '10.14.6', java.version: '1.8.0_201'
Driver info: io.appium.java_client.android.AndroidDriver
Capabilities {app: /Users/sitauto/Pictures/COM..., appPackage: au.gov.ato.mygovid.droid.in..., databaseEnabled: false, desired: {app: /Users/sitauto/Pictures/COM..., deviceName: ANDROID, platformName: android}, deviceApiLevel: 29, deviceManufacturer: Google, deviceModel: Pixel 2, deviceName: FA7AW1A02820, deviceScreenDensity: 356, deviceScreenSize: 1080x1920, deviceUDID: FA7AW1A02820, javascriptEnabled: true, locationContextEnabled: false, networkConnectionEnabled: true, pixelRatio: 2.2250001, platform: LINUX, platformName: Android, platformVersion: 10, statBarHeight: 53, takesScreenshot: true, viewportRect: {height: 1760, left: 0, top: 53, width: 1080}, warnings: {}, webStorageEnabled: false}
Session ID: a5805112-914d-4976-b8a9-627d3dd813bc
*** Element info: {Using=id, value=au.gov.ato.mygovid.droid.integration:id/capturePasswordHeadingLabel}
	at au.com.mygovid.CompatibilityJava.RegistrationTest.firstPageTest(RegistrationTest.java:43)
Caused by: org.openqa.selenium.WebDriverException: 
An unknown server-side error occurred while processing the command. Original error: Could not proxy command to the remote server. Original error: socket hang up
Build info: version: '3.141.59', revision: 'e82be7d358', time: '2018-11-14T08:17:03'
System info: host: 'Mobile-SIT-Automation.local', ip: '10.240.155.8', os.name: 'Mac OS X', os.arch: 'x86_64', os.version: '10.14.6', java.version: '1.8.0_201'
Driver info: io.appium.java_client.android.AndroidDriver
Capabilities {app: /Users/sitauto/Pictures/COM..., appPackage: au.gov.ato.mygovid.droid.in..., databaseEnabled: false, desired: {app: /Users/sitauto/Pictures/COM..., deviceName: ANDROID, platformName: android}, deviceApiLevel: 29, deviceManufacturer: Google, deviceModel: Pixel 2, deviceName: FA7AW1A02820, deviceScreenDensity: 356, deviceScreenSize: 1080x1920, deviceUDID: FA7AW1A02820, javascriptEnabled: true, locationContextEnabled: false, networkConnectionEnabled: true, pixelRatio: 2.2250001, platform: LINUX, platformName: Android, platformVersion: 10, statBarHeight: 53, takesScreenshot: true, viewportRect: {height: 1760, left: 0, top: 53, width: 1080}, warnings: {}, webStorageEnabled: false}
Session ID: a5805112-914d-4976-b8a9-627d3dd813bc
*** Element info: {Using=id, value=au.gov.ato.mygovid.droid.integration:id/capturePasswordHeadingLabel}
	at au.com.mygovid.CompatibilityJava.RegistrationTest.firstPageTest(RegistrationTest.java:43)
</failure>
    <system-err><![CDATA[Jun 17, 2021 11:20:18 AM io.appium.java_client.remote.AppiumCommandExecutor$1 lambda$0
INFO: Detected dialect: W3C
]]></system-err>
  </testcase>
</testsuite>