<?xml version="1.0" encoding="UTF-8"?>
<!-- Generated by org.testng.reporters.JUnitReportReporter -->
<testsuite skipped="0" hostname="Mobile-SIT-Automation.local" name="au.com.mygovid.CompatibilityJava.RegistrationTest" tests="1" failures="0" timestamp="16 Jun 2021 03:46:57 GMT" time="56.309" errors="0">
  <testcase name="firstPageTest" time="56.309" classname="au.com.mygovid.CompatibilityJava.RegistrationTest"/>
</testsuite> <!-- au.com.mygovid.CompatibilityJava.RegistrationTest -->
