<?xml version="1.0" encoding="UTF-8"?>
<!-- Generated by org.testng.reporters.JUnitReportReporter -->
<testsuite skipped="0" hostname="Mobile-SIT-Automation.local" name="au.com.mygovid.CompatibilityJava.PassportTest" tests="3" failures="0" timestamp="17 Jun 2021 00:59:28 GMT" time="60.508" errors="1">
  <testcase name="testEnd" time="8.642" classname="au.com.mygovid.CompatibilityJava.PassportTest"/>
  <testcase name="passportDetailsTest" time="41.561" classname="au.com.mygovid.CompatibilityJava.PassportTest">
    <error type="org.openqa.selenium.WebDriverException" message="An unknown server-side error occurred while processing the command. Original error: Could not proxy command to the remote server. Original error: socket hang up
Build info: version: &#039;3.141.59&#039;, revision: &#039;e82be7d358&#039;, time: &#039;2018-11-14T08:17:03&#039;
System info: host: &#039;Mobile-SIT-Automation.local&#039;, ip: &#039;169.254.223.51&#039;, os.name: &#039;Mac OS X&#039;, os.arch: &#039;x86_64&#039;, os.version: &#039;10.14.6&#039;, java.version: &#039;1.8.0_201&#039;
Driver info: io.appium.java_client.android.AndroidDriver
Capabilities {app: /Users/sitauto/Pictures/COM..., appPackage: au.gov.ato.mygovid.droid.in..., databaseEnabled: false, desired: {app: /Users/sitauto/Pictures/COM..., deviceName: ANDROID, platformName: android}, deviceApiLevel: 29, deviceManufacturer: Google, deviceModel: Pixel 2, deviceName: FA7AW1A02820, deviceScreenDensity: 356, deviceScreenSize: 1080x1920, deviceUDID: FA7AW1A02820, javascriptEnabled: true, locationContextEnabled: false, networkConnectionEnabled: true, pixelRatio: 2.2250001, platform: LINUX, platformName: Android, platformVersion: 10, statBarHeight: 53, takesScreenshot: true, viewportRect: {height: 1760, left: 0, top: 53, width: 1080}, warnings: {}, webStorageEnabled: false}
Session ID: 79c6fafe-fbf4-46b3-abaa-4be2c7f6127f">
      <![CDATA[org.openqa.selenium.WebDriverException: An unknown server-side error occurred while processing the command. Original error: Could not proxy command to the remote server. Original error: socket hang up
Build info: version: '3.141.59', revision: 'e82be7d358', time: '2018-11-14T08:17:03'
System info: host: 'Mobile-SIT-Automation.local', ip: '169.254.223.51', os.name: 'Mac OS X', os.arch: 'x86_64', os.version: '10.14.6', java.version: '1.8.0_201'
Driver info: io.appium.java_client.android.AndroidDriver
Capabilities {app: /Users/sitauto/Pictures/COM..., appPackage: au.gov.ato.mygovid.droid.in..., databaseEnabled: false, desired: {app: /Users/sitauto/Pictures/COM..., deviceName: ANDROID, platformName: android}, deviceApiLevel: 29, deviceManufacturer: Google, deviceModel: Pixel 2, deviceName: FA7AW1A02820, deviceScreenDensity: 356, deviceScreenSize: 1080x1920, deviceUDID: FA7AW1A02820, javascriptEnabled: true, locationContextEnabled: false, networkConnectionEnabled: true, pixelRatio: 2.2250001, platform: LINUX, platformName: Android, platformVersion: 10, statBarHeight: 53, takesScreenshot: true, viewportRect: {height: 1760, left: 0, top: 53, width: 1080}, warnings: {}, webStorageEnabled: false}
Session ID: 79c6fafe-fbf4-46b3-abaa-4be2c7f6127f
at sun.reflect.NativeConstructorAccessorImpl.newInstance0(Native Method)
at sun.reflect.NativeConstructorAccessorImpl.newInstance(NativeConstructorAccessorImpl.java:62)
at sun.reflect.DelegatingConstructorAccessorImpl.newInstance(DelegatingConstructorAccessorImpl.java:45)
at java.lang.reflect.Constructor.newInstance(Constructor.java:423)
at org.openqa.selenium.remote.http.W3CHttpResponseCodec.createException(W3CHttpResponseCodec.java:187)
at org.openqa.selenium.remote.http.W3CHttpResponseCodec.decode(W3CHttpResponseCodec.java:122)
at org.openqa.selenium.remote.http.W3CHttpResponseCodec.decode(W3CHttpResponseCodec.java:49)
at org.openqa.selenium.remote.HttpCommandExecutor.execute(HttpCommandExecutor.java:158)
at io.appium.java_client.remote.AppiumCommandExecutor.execute(AppiumCommandExecutor.java:239)
at org.openqa.selenium.remote.RemoteWebDriver.execute(RemoteWebDriver.java:552)
at io.appium.java_client.DefaultGenericMobileDriver.execute(DefaultGenericMobileDriver.java:46)
at io.appium.java_client.AppiumDriver.execute(AppiumDriver.java:1)
at io.appium.java_client.android.AndroidDriver.execute(AndroidDriver.java:1)
at io.appium.java_client.HasSessionDetails.getSessionDetails(HasSessionDetails.java:39)
at io.appium.java_client.HasSessionDetails.getSessionDetail(HasSessionDetails.java:56)
at io.appium.java_client.HasSessionDetails.isBrowser(HasSessionDetails.java:86)
at io.appium.java_client.AppiumDriver.isBrowser(AppiumDriver.java:271)
at io.appium.java_client.pagefactory.utils.WebDriverUnpackUtility.lambda$0(WebDriverUnpackUtility.java:87)
at java.util.Optional.map(Optional.java:215)
at io.appium.java_client.pagefactory.utils.WebDriverUnpackUtility.getCurrentContentType(WebDriverUnpackUtility.java:83)
at io.appium.java_client.pagefactory.AppiumElementLocator.getBy(AppiumElementLocator.java:90)
at io.appium.java_client.pagefactory.AppiumElementLocator.findElement(AppiumElementLocator.java:117)
at io.appium.java_client.pagefactory.interceptors.InterceptorOfASingleElement.intercept(InterceptorOfASingleElement.java:59)
at io.appium.java_client.android.AndroidElement$$EnhancerByCGLIB$$b598166c.isDisplayed(<generated>)
at org.openqa.selenium.support.ui.ExpectedConditions.elementIfVisible(ExpectedConditions.java:314)
at org.openqa.selenium.support.ui.ExpectedConditions.access$000(ExpectedConditions.java:43)
at org.openqa.selenium.support.ui.ExpectedConditions$10.apply(ExpectedConditions.java:300)
at org.openqa.selenium.support.ui.ExpectedConditions$10.apply(ExpectedConditions.java:297)
at org.openqa.selenium.support.ui.FluentWait.until(FluentWait.java:249)
at au.com.mygovid.ScreenPages.BasePageObject.waitforElement(BasePageObject.java:71)
at au.com.mygovid.CompatibilityJava.PassportTest.passportDetailsTest(PassportTest.java:47)
at sun.reflect.NativeMethodAccessorImpl.invoke0(Native Method)
at sun.reflect.NativeMethodAccessorImpl.invoke(NativeMethodAccessorImpl.java:62)
at sun.reflect.DelegatingMethodAccessorImpl.invoke(DelegatingMethodAccessorImpl.java:43)
at java.lang.reflect.Method.invoke(Method.java:498)
at org.testng.internal.MethodInvocationHelper.invokeMethod(MethodInvocationHelper.java:124)
at org.testng.internal.Invoker.invokeMethod(Invoker.java:583)
at org.testng.internal.Invoker.invokeTestMethod(Invoker.java:719)
at org.testng.internal.Invoker.invokeTestMethods(Invoker.java:989)
at org.testng.internal.TestMethodWorker.invokeTestMethods(TestMethodWorker.java:125)
at org.testng.internal.TestMethodWorker.run(TestMethodWorker.java:109)
at org.testng.TestRunner.privateRun(TestRunner.java:648)
at org.testng.TestRunner.run(TestRunner.java:505)
at org.testng.SuiteRunner.runTest(SuiteRunner.java:455)
at org.testng.SuiteRunner.runSequentially(SuiteRunner.java:450)
at org.testng.SuiteRunner.privateRun(SuiteRunner.java:415)
at org.testng.SuiteRunner.run(SuiteRunner.java:364)
at org.testng.SuiteRunnerWorker.runSuite(SuiteRunnerWorker.java:52)
at org.testng.SuiteRunnerWorker.run(SuiteRunnerWorker.java:84)
at org.testng.TestNG.runSuitesSequentially(TestNG.java:1208)
at org.testng.TestNG.runSuitesLocally(TestNG.java:1137)
at org.testng.TestNG.runSuites(TestNG.java:1049)
at org.testng.TestNG.run(TestNG.java:1017)
at org.testng.remote.AbstractRemoteTestNG.run(AbstractRemoteTestNG.java:115)
at org.testng.remote.RemoteTestNG.initAndRun(RemoteTestNG.java:251)
at org.testng.remote.RemoteTestNG.main(RemoteTestNG.java:77)
]]>
    </error>
  </testcase> <!-- passportDetailsTest -->
  <testcase name="testInit" time="10.305" classname="au.com.mygovid.CompatibilityJava.PassportTest"/>
</testsuite> <!-- au.com.mygovid.CompatibilityJava.PassportTest -->
