<?xml version="1.0" encoding="UTF-8"?>
<!-- Generated by org.testng.reporters.JUnitReportReporter -->
<testsuite skipped="0" hostname="Mobile-SIT-Automation.local" name="au.com.mygovid.CompatibilityJava.MedicareTest" tests="3" failures="0" timestamp="17 Jun 2021 01:14:50 GMT" time="61.583" errors="1">
  <testcase name="testEnd" time="8.784" classname="au.com.mygovid.CompatibilityJava.MedicareTest"/>
  <testcase name="testInit" time="8.901" classname="au.com.mygovid.CompatibilityJava.MedicareTest"/>
  <testcase name="BirthCertificateTest" time="43.898" classname="au.com.mygovid.CompatibilityJava.MedicareTest">
    <error type="org.openqa.selenium.InvalidElementStateException" message="Swipe action cannot be performed
Build info: version: &#039;3.141.59&#039;, revision: &#039;e82be7d358&#039;, time: &#039;2018-11-14T08:17:03&#039;
System info: host: &#039;Mobile-SIT-Automation.local&#039;, ip: &#039;10.240.155.8&#039;, os.name: &#039;Mac OS X&#039;, os.arch: &#039;x86_64&#039;, os.version: &#039;10.14.6&#039;, java.version: &#039;1.8.0_201&#039;
Driver info: io.appium.java_client.android.AndroidDriver
Capabilities {app: /Users/sitauto/Pictures/COM..., appPackage: au.gov.ato.mygovid.droid.in..., databaseEnabled: false, desired: {app: /Users/sitauto/Pictures/COM..., deviceName: ANDROID, platformName: android}, deviceApiLevel: 29, deviceManufacturer: Google, deviceModel: Pixel 2, deviceName: FA7AW1A02820, deviceScreenDensity: 356, deviceScreenSize: 1080x1920, deviceUDID: FA7AW1A02820, javascriptEnabled: true, locationContextEnabled: false, networkConnectionEnabled: true, pixelRatio: 2.2250001, platform: LINUX, platformName: Android, platformVersion: 10, statBarHeight: 53, takesScreenshot: true, viewportRect: {height: 1760, left: 0, top: 53, width: 1080}, warnings: {}, webStorageEnabled: false}
Session ID: 24707d5c-c34d-4740-8a56-aad8752ca287">
      <![CDATA[org.openqa.selenium.InvalidElementStateException: Swipe action cannot be performed
Build info: version: '3.141.59', revision: 'e82be7d358', time: '2018-11-14T08:17:03'
System info: host: 'Mobile-SIT-Automation.local', ip: '10.240.155.8', os.name: 'Mac OS X', os.arch: 'x86_64', os.version: '10.14.6', java.version: '1.8.0_201'
Driver info: io.appium.java_client.android.AndroidDriver
Capabilities {app: /Users/sitauto/Pictures/COM..., appPackage: au.gov.ato.mygovid.droid.in..., databaseEnabled: false, desired: {app: /Users/sitauto/Pictures/COM..., deviceName: ANDROID, platformName: android}, deviceApiLevel: 29, deviceManufacturer: Google, deviceModel: Pixel 2, deviceName: FA7AW1A02820, deviceScreenDensity: 356, deviceScreenSize: 1080x1920, deviceUDID: FA7AW1A02820, javascriptEnabled: true, locationContextEnabled: false, networkConnectionEnabled: true, pixelRatio: 2.2250001, platform: LINUX, platformName: Android, platformVersion: 10, statBarHeight: 53, takesScreenshot: true, viewportRect: {height: 1760, left: 0, top: 53, width: 1080}, warnings: {}, webStorageEnabled: false}
Session ID: 24707d5c-c34d-4740-8a56-aad8752ca287
at sun.reflect.NativeConstructorAccessorImpl.newInstance0(Native Method)
at sun.reflect.NativeConstructorAccessorImpl.newInstance(NativeConstructorAccessorImpl.java:62)
at sun.reflect.DelegatingConstructorAccessorImpl.newInstance(DelegatingConstructorAccessorImpl.java:45)
at java.lang.reflect.Constructor.newInstance(Constructor.java:423)
at org.openqa.selenium.remote.http.W3CHttpResponseCodec.createException(W3CHttpResponseCodec.java:187)
at org.openqa.selenium.remote.http.W3CHttpResponseCodec.decode(W3CHttpResponseCodec.java:122)
at org.openqa.selenium.remote.http.W3CHttpResponseCodec.decode(W3CHttpResponseCodec.java:49)
at org.openqa.selenium.remote.HttpCommandExecutor.execute(HttpCommandExecutor.java:158)
at io.appium.java_client.remote.AppiumCommandExecutor.execute(AppiumCommandExecutor.java:239)
at org.openqa.selenium.remote.RemoteWebDriver.execute(RemoteWebDriver.java:552)
at io.appium.java_client.DefaultGenericMobileDriver.execute(DefaultGenericMobileDriver.java:42)
at io.appium.java_client.AppiumDriver.execute(AppiumDriver.java:1)
at io.appium.java_client.android.AndroidDriver.execute(AndroidDriver.java:1)
at io.appium.java_client.PerformsTouchActions.performTouchAction(PerformsTouchActions.java:41)
at io.appium.java_client.TouchAction.perform(TouchAction.java:187)
at au.com.mygovid.ScreenPages.BasePageObject.ScrollToBottomOfTheScreen(BasePageObject.java:267)
at au.com.mygovid.CompatibilityJava.MedicareTest.BirthCertificateTest(MedicareTest.java:44)
at sun.reflect.NativeMethodAccessorImpl.invoke0(Native Method)
at sun.reflect.NativeMethodAccessorImpl.invoke(NativeMethodAccessorImpl.java:62)
at sun.reflect.DelegatingMethodAccessorImpl.invoke(DelegatingMethodAccessorImpl.java:43)
at java.lang.reflect.Method.invoke(Method.java:498)
at org.testng.internal.MethodInvocationHelper.invokeMethod(MethodInvocationHelper.java:124)
at org.testng.internal.Invoker.invokeMethod(Invoker.java:583)
at org.testng.internal.Invoker.invokeTestMethod(Invoker.java:719)
at org.testng.internal.Invoker.invokeTestMethods(Invoker.java:989)
at org.testng.internal.TestMethodWorker.invokeTestMethods(TestMethodWorker.java:125)
at org.testng.internal.TestMethodWorker.run(TestMethodWorker.java:109)
at org.testng.TestRunner.privateRun(TestRunner.java:648)
at org.testng.TestRunner.run(TestRunner.java:505)
at org.testng.SuiteRunner.runTest(SuiteRunner.java:455)
at org.testng.SuiteRunner.runSequentially(SuiteRunner.java:450)
at org.testng.SuiteRunner.privateRun(SuiteRunner.java:415)
at org.testng.SuiteRunner.run(SuiteRunner.java:364)
at org.testng.SuiteRunnerWorker.runSuite(SuiteRunnerWorker.java:52)
at org.testng.SuiteRunnerWorker.run(SuiteRunnerWorker.java:84)
at org.testng.TestNG.runSuitesSequentially(TestNG.java:1208)
at org.testng.TestNG.runSuitesLocally(TestNG.java:1137)
at org.testng.TestNG.runSuites(TestNG.java:1049)
at org.testng.TestNG.run(TestNG.java:1017)
at org.testng.remote.AbstractRemoteTestNG.run(AbstractRemoteTestNG.java:115)
at org.testng.remote.RemoteTestNG.initAndRun(RemoteTestNG.java:251)
at org.testng.remote.RemoteTestNG.main(RemoteTestNG.java:77)
]]>
    </error>
  </testcase> <!-- BirthCertificateTest -->
</testsuite> <!-- au.com.mygovid.CompatibilityJava.MedicareTest -->
