<?xml version="1.0" encoding="UTF-8"?>
<!-- Generated by org.testng.reporters.JUnitReportReporter -->
<testsuite skipped="0" hostname="Mobile-SIT-Automation.local" name="au.com.mygovid.CompatibilityJava.BirthCertificateTest" tests="3" failures="0" timestamp="17 Jun 2021 01:18:58 GMT" time="60.289" errors="0">
  <testcase name="testEnd" time="8.771" classname="au.com.mygovid.CompatibilityJava.BirthCertificateTest"/>
  <testcase name="testInit" time="8.739" classname="au.com.mygovid.CompatibilityJava.BirthCertificateTest"/>
  <testcase name="BirthCertificateTest" time="42.779" classname="au.com.mygovid.CompatibilityJava.BirthCertificateTest"/>
</testsuite> <!-- au.com.mygovid.CompatibilityJava.BirthCertificateTest -->
